The system is: Linux - 3.3.8-1.fc16.x86_64 - x86_64
Compiling the C compiler identification source file "CMakeCCompilerId.c" succeeded.
Compiler: /usr/bin/gcc 
Build flags: 
Id flags: 

The output was:
0


Compilation of the C compiler identification source "CMakeCCompilerId.c" produced "a.out"

The C compiler identification is GNU, found in "/home/mafiamole/projects/C++/MoleBox/build/Linux/CMakeFiles/CompilerIdC/a.out"

Compiling the CXX compiler identification source file "CMakeCXXCompilerId.cpp" succeeded.
Compiler: /usr/bin/c++ 
Build flags: 
Id flags: 

The output was:
0


Compilation of the CXX compiler identification source "CMakeCXXCompilerId.cpp" produced "a.out"

The CXX compiler identification is GNU, found in "/home/mafiamole/projects/C++/MoleBox/build/Linux/CMakeFiles/CompilerIdCXX/a.out"

Determining if the C compiler works passed with the following output:
Change Dir: /home/mafiamole/projects/C++/MoleBox/build/Linux/CMakeFiles/CMakeTmp

Run Build Command:/usr/bin/gmake "cmTryCompileExec1588754501/fast"
/usr/bin/gmake -f CMakeFiles/cmTryCompileExec1588754501.dir/build.make CMakeFiles/cmTryCompileExec1588754501.dir/build
gmake[1]: Entering directory `/home/mafiamole/projects/C++/MoleBox/build/Linux/CMakeFiles/CMakeTmp'
/usr/bin/cmake -E cmake_progress_report /home/mafiamole/projects/C++/MoleBox/build/Linux/CMakeFiles/CMakeTmp/CMakeFiles 1
Building C object CMakeFiles/cmTryCompileExec1588754501.dir/testCCompiler.c.o
/usr/bin/gcc    -o CMakeFiles/cmTryCompileExec1588754501.dir/testCCompiler.c.o   -c /home/mafiamole/projects/C++/MoleBox/build/Linux/CMakeFiles/CMakeTmp/testCCompiler.c
Linking C executable cmTryCompileExec1588754501
/usr/bin/cmake -E cmake_link_script CMakeFiles/cmTryCompileExec1588754501.dir/link.txt --verbose=1
/usr/bin/gcc         CMakeFiles/cmTryCompileExec1588754501.dir/testCCompiler.c.o  -o cmTryCompileExec1588754501 -rdynamic 
gmake[1]: Leaving directory `/home/mafiamole/projects/C++/MoleBox/build/Linux/CMakeFiles/CMakeTmp'


Detecting C compiler ABI info compiled with the following output:
Change Dir: /home/mafiamole/projects/C++/MoleBox/build/Linux/CMakeFiles/CMakeTmp

Run Build Command:/usr/bin/gmake "cmTryCompileExec3811001740/fast"
/usr/bin/gmake -f CMakeFiles/cmTryCompileExec3811001740.dir/build.make CMakeFiles/cmTryCompileExec3811001740.dir/build
gmake[1]: Entering directory `/home/mafiamole/projects/C++/MoleBox/build/Linux/CMakeFiles/CMakeTmp'
/usr/bin/cmake -E cmake_progress_report /home/mafiamole/projects/C++/MoleBox/build/Linux/CMakeFiles/CMakeTmp/CMakeFiles 1
Building C object CMakeFiles/cmTryCompileExec3811001740.dir/CMakeCCompilerABI.c.o
/usr/bin/gcc    -o CMakeFiles/cmTryCompileExec3811001740.dir/CMakeCCompilerABI.c.o   -c /usr/share/cmake/Modules/CMakeCCompilerABI.c
Linking C executable cmTryCompileExec3811001740
/usr/bin/cmake -E cmake_link_script CMakeFiles/cmTryCompileExec3811001740.dir/link.txt --verbose=1
/usr/bin/gcc       -v CMakeFiles/cmTryCompileExec3811001740.dir/CMakeCCompilerABI.c.o  -o cmTryCompileExec3811001740 -rdynamic  
Using built-in specs.
COLLECT_GCC=/usr/bin/gcc
COLLECT_LTO_WRAPPER=/usr/libexec/gcc/x86_64-redhat-linux/4.6.3/lto-wrapper
Target: x86_64-redhat-linux
Configured with: ../configure --prefix=/usr --mandir=/usr/share/man --infodir=/usr/share/info --with-bugurl=http://bugzilla.redhat.com/bugzilla --enable-bootstrap --enable-shared --enable-threads=posix --enable-checking=release --with-system-zlib --enable-__cxa_atexit --disable-libunwind-exceptions --enable-gnu-unique-object --enable-linker-build-id --enable-languages=c,c++,objc,obj-c++,java,fortran,ada,go,lto --enable-plugin --enable-java-awt=gtk --disable-dssi --with-java-home=/usr/lib/jvm/java-1.5.0-gcj-1.5.0.0/jre --enable-libgcj-multifile --enable-java-maintainer-mode --with-ecj-jar=/usr/share/java/eclipse-ecj.jar --disable-libjava-multilib --with-ppl --with-cloog --with-tune=generic --with-arch_32=i686 --build=x86_64-redhat-linux
Thread model: posix
gcc version 4.6.3 20120306 (Red Hat 4.6.3-2) (GCC) 
COMPILER_PATH=/usr/libexec/gcc/x86_64-redhat-linux/4.6.3/:/usr/libexec/gcc/x86_64-redhat-linux/4.6.3/:/usr/libexec/gcc/x86_64-redhat-linux/:/usr/lib/gcc/x86_64-redhat-linux/4.6.3/:/usr/lib/gcc/x86_64-redhat-linux/
LIBRARY_PATH=/usr/lib/gcc/x86_64-redhat-linux/4.6.3/:/usr/lib/gcc/x86_64-redhat-linux/4.6.3/../../../../lib64/:/lib/../lib64/:/usr/lib/../lib64/:/usr/lib/gcc/x86_64-redhat-linux/4.6.3/../../../:/lib/:/usr/lib/
COLLECT_GCC_OPTIONS='-v' '-o' 'cmTryCompileExec3811001740' '-rdynamic' '-mtune=generic' '-march=x86-64'
 /usr/libexec/gcc/x86_64-redhat-linux/4.6.3/collect2 --build-id --no-add-needed --eh-frame-hdr -m elf_x86_64 --hash-style=gnu -export-dynamic -dynamic-linker /lib64/ld-linux-x86-64.so.2 -o cmTryCompileExec3811001740 /usr/lib/gcc/x86_64-redhat-linux/4.6.3/../../../../lib64/crt1.o /usr/lib/gcc/x86_64-redhat-linux/4.6.3/../../../../lib64/crti.o /usr/lib/gcc/x86_64-redhat-linux/4.6.3/crtbegin.o -L/usr/lib/gcc/x86_64-redhat-linux/4.6.3 -L/usr/lib/gcc/x86_64-redhat-linux/4.6.3/../../../../lib64 -L/lib/../lib64 -L/usr/lib/../lib64 -L/usr/lib/gcc/x86_64-redhat-linux/4.6.3/../../.. CMakeFiles/cmTryCompileExec3811001740.dir/CMakeCCompilerABI.c.o -lgcc --as-needed -lgcc_s --no-as-needed -lc -lgcc --as-needed -lgcc_s --no-as-needed /usr/lib/gcc/x86_64-redhat-linux/4.6.3/crtend.o /usr/lib/gcc/x86_64-redhat-linux/4.6.3/../../../../lib64/crtn.o
gmake[1]: Leaving directory `/home/mafiamole/projects/C++/MoleBox/build/Linux/CMakeFiles/CMakeTmp'


Parsed C implicit link information from above output:
  link line regex: [^( *|.*[/\])(ld|ld|collect2)[^/\]*( |$)]
  ignore line: [Change Dir: /home/mafiamole/projects/C++/MoleBox/build/Linux/CMakeFiles/CMakeTmp]
  ignore line: []
  ignore line: [Run Build Command:/usr/bin/gmake "cmTryCompileExec3811001740/fast"]
  ignore line: [/usr/bin/gmake -f CMakeFiles/cmTryCompileExec3811001740.dir/build.make CMakeFiles/cmTryCompileExec3811001740.dir/build]
  ignore line: [gmake[1]: Entering directory `/home/mafiamole/projects/C++/MoleBox/build/Linux/CMakeFiles/CMakeTmp']
  ignore line: [/usr/bin/cmake -E cmake_progress_report /home/mafiamole/projects/C++/MoleBox/build/Linux/CMakeFiles/CMakeTmp/CMakeFiles 1]
  ignore line: [Building C object CMakeFiles/cmTryCompileExec3811001740.dir/CMakeCCompilerABI.c.o]
  ignore line: [/usr/bin/gcc    -o CMakeFiles/cmTryCompileExec3811001740.dir/CMakeCCompilerABI.c.o   -c /usr/share/cmake/Modules/CMakeCCompilerABI.c]
  ignore line: [Linking C executable cmTryCompileExec3811001740]
  ignore line: [/usr/bin/cmake -E cmake_link_script CMakeFiles/cmTryCompileExec3811001740.dir/link.txt --verbose=1]
  ignore line: [/usr/bin/gcc       -v CMakeFiles/cmTryCompileExec3811001740.dir/CMakeCCompilerABI.c.o  -o cmTryCompileExec3811001740 -rdynamic  ]
  ignore line: [Using built-in specs.]
  ignore line: [COLLECT_GCC=/usr/bin/gcc]
  ignore line: [COLLECT_LTO_WRAPPER=/usr/libexec/gcc/x86_64-redhat-linux/4.6.3/lto-wrapper]
  ignore line: [Target: x86_64-redhat-linux]
  ignore line: [Configured with: ../configure --prefix=/usr --mandir=/usr/share/man --infodir=/usr/share/info --with-bugurl=http://bugzilla.redhat.com/bugzilla --enable-bootstrap --enable-shared --enable-threads=posix --enable-checking=release --with-system-zlib --enable-__cxa_atexit --disable-libunwind-exceptions --enable-gnu-unique-object --enable-linker-build-id --enable-languages=c,c++,objc,obj-c++,java,fortran,ada,go,lto --enable-plugin --enable-java-awt=gtk --disable-dssi --with-java-home=/usr/lib/jvm/java-1.5.0-gcj-1.5.0.0/jre --enable-libgcj-multifile --enable-java-maintainer-mode --with-ecj-jar=/usr/share/java/eclipse-ecj.jar --disable-libjava-multilib --with-ppl --with-cloog --with-tune=generic --with-arch_32=i686 --build=x86_64-redhat-linux]
  ignore line: [Thread model: posix]
  ignore line: [gcc version 4.6.3 20120306 (Red Hat 4.6.3-2) (GCC) ]
  ignore line: [COMPILER_PATH=/usr/libexec/gcc/x86_64-redhat-linux/4.6.3/:/usr/libexec/gcc/x86_64-redhat-linux/4.6.3/:/usr/libexec/gcc/x86_64-redhat-linux/:/usr/lib/gcc/x86_64-redhat-linux/4.6.3/:/usr/lib/gcc/x86_64-redhat-linux/]
  ignore line: [LIBRARY_PATH=/usr/lib/gcc/x86_64-redhat-linux/4.6.3/:/usr/lib/gcc/x86_64-redhat-linux/4.6.3/../../../../lib64/:/lib/../lib64/:/usr/lib/../lib64/:/usr/lib/gcc/x86_64-redhat-linux/4.6.3/../../../:/lib/:/usr/lib/]
  ignore line: [COLLECT_GCC_OPTIONS='-v' '-o' 'cmTryCompileExec3811001740' '-rdynamic' '-mtune=generic' '-march=x86-64']
  link line: [ /usr/libexec/gcc/x86_64-redhat-linux/4.6.3/collect2 --build-id --no-add-needed --eh-frame-hdr -m elf_x86_64 --hash-style=gnu -export-dynamic -dynamic-linker /lib64/ld-linux-x86-64.so.2 -o cmTryCompileExec3811001740 /usr/lib/gcc/x86_64-redhat-linux/4.6.3/../../../../lib64/crt1.o /usr/lib/gcc/x86_64-redhat-linux/4.6.3/../../../../lib64/crti.o /usr/lib/gcc/x86_64-redhat-linux/4.6.3/crtbegin.o -L/usr/lib/gcc/x86_64-redhat-linux/4.6.3 -L/usr/lib/gcc/x86_64-redhat-linux/4.6.3/../../../../lib64 -L/lib/../lib64 -L/usr/lib/../lib64 -L/usr/lib/gcc/x86_64-redhat-linux/4.6.3/../../.. CMakeFiles/cmTryCompileExec3811001740.dir/CMakeCCompilerABI.c.o -lgcc --as-needed -lgcc_s --no-as-needed -lc -lgcc --as-needed -lgcc_s --no-as-needed /usr/lib/gcc/x86_64-redhat-linux/4.6.3/crtend.o /usr/lib/gcc/x86_64-redhat-linux/4.6.3/../../../../lib64/crtn.o]
    arg [/usr/libexec/gcc/x86_64-redhat-linux/4.6.3/collect2] ==> ignore
    arg [--build-id] ==> ignore
    arg [--no-add-needed] ==> ignore
    arg [--eh-frame-hdr] ==> ignore
    arg [-m] ==> ignore
    arg [elf_x86_64] ==> ignore
    arg [--hash-style=gnu] ==> ignore
    arg [-export-dynamic] ==> ignore
    arg [-dynamic-linker] ==> ignore
    arg [/lib64/ld-linux-x86-64.so.2] ==> ignore
    arg [-o] ==> ignore
    arg [cmTryCompileExec3811001740] ==> ignore
    arg [/usr/lib/gcc/x86_64-redhat-linux/4.6.3/../../../../lib64/crt1.o] ==> ignore
    arg [/usr/lib/gcc/x86_64-redhat-linux/4.6.3/../../../../lib64/crti.o] ==> ignore
    arg [/usr/lib/gcc/x86_64-redhat-linux/4.6.3/crtbegin.o] ==> ignore
    arg [-L/usr/lib/gcc/x86_64-redhat-linux/4.6.3] ==> dir [/usr/lib/gcc/x86_64-redhat-linux/4.6.3]
    arg [-L/usr/lib/gcc/x86_64-redhat-linux/4.6.3/../../../../lib64] ==> dir [/usr/lib/gcc/x86_64-redhat-linux/4.6.3/../../../../lib64]
    arg [-L/lib/../lib64] ==> dir [/lib/../lib64]
    arg [-L/usr/lib/../lib64] ==> dir [/usr/lib/../lib64]
    arg [-L/usr/lib/gcc/x86_64-redhat-linux/4.6.3/../../..] ==> dir [/usr/lib/gcc/x86_64-redhat-linux/4.6.3/../../..]
    arg [CMakeFiles/cmTryCompileExec3811001740.dir/CMakeCCompilerABI.c.o] ==> ignore
    arg [-lgcc] ==> lib [gcc]
    arg [--as-needed] ==> ignore
    arg [-lgcc_s] ==> lib [gcc_s]
    arg [--no-as-needed] ==> ignore
    arg [-lc] ==> lib [c]
    arg [-lgcc] ==> lib [gcc]
    arg [--as-needed] ==> ignore
    arg [-lgcc_s] ==> lib [gcc_s]
    arg [--no-as-needed] ==> ignore
    arg [/usr/lib/gcc/x86_64-redhat-linux/4.6.3/crtend.o] ==> ignore
    arg [/usr/lib/gcc/x86_64-redhat-linux/4.6.3/../../../../lib64/crtn.o] ==> ignore
  remove lib [gcc]
  remove lib [gcc_s]
  remove lib [gcc]
  remove lib [gcc_s]
  collapse dir [/usr/lib/gcc/x86_64-redhat-linux/4.6.3] ==> [/usr/lib/gcc/x86_64-redhat-linux/4.6.3]
  collapse dir [/usr/lib/gcc/x86_64-redhat-linux/4.6.3/../../../../lib64] ==> [/usr/lib64]
  collapse dir [/lib/../lib64] ==> [/lib64]
  collapse dir [/usr/lib/../lib64] ==> [/usr/lib64]
  collapse dir [/usr/lib/gcc/x86_64-redhat-linux/4.6.3/../../..] ==> [/usr/lib]
  implicit libs: [c]
  implicit dirs: [/usr/lib/gcc/x86_64-redhat-linux/4.6.3;/usr/lib64;/lib64;/usr/lib]


Determining if the CXX compiler works passed with the following output:
Change Dir: /home/mafiamole/projects/C++/MoleBox/build/Linux/CMakeFiles/CMakeTmp

Run Build Command:/usr/bin/gmake "cmTryCompileExec1632620798/fast"
/usr/bin/gmake -f CMakeFiles/cmTryCompileExec1632620798.dir/build.make CMakeFiles/cmTryCompileExec1632620798.dir/build
gmake[1]: Entering directory `/home/mafiamole/projects/C++/MoleBox/build/Linux/CMakeFiles/CMakeTmp'
/usr/bin/cmake -E cmake_progress_report /home/mafiamole/projects/C++/MoleBox/build/Linux/CMakeFiles/CMakeTmp/CMakeFiles 1
Building CXX object CMakeFiles/cmTryCompileExec1632620798.dir/testCXXCompiler.cxx.o
/usr/bin/c++     -o CMakeFiles/cmTryCompileExec1632620798.dir/testCXXCompiler.cxx.o -c /home/mafiamole/projects/C++/MoleBox/build/Linux/CMakeFiles/CMakeTmp/testCXXCompiler.cxx
Linking CXX executable cmTryCompileExec1632620798
/usr/bin/cmake -E cmake_link_script CMakeFiles/cmTryCompileExec1632620798.dir/link.txt --verbose=1
/usr/bin/c++          CMakeFiles/cmTryCompileExec1632620798.dir/testCXXCompiler.cxx.o  -o cmTryCompileExec1632620798 -rdynamic 
gmake[1]: Leaving directory `/home/mafiamole/projects/C++/MoleBox/build/Linux/CMakeFiles/CMakeTmp'


Detecting CXX compiler ABI info compiled with the following output:
Change Dir: /home/mafiamole/projects/C++/MoleBox/build/Linux/CMakeFiles/CMakeTmp

Run Build Command:/usr/bin/gmake "cmTryCompileExec1483439210/fast"
/usr/bin/gmake -f CMakeFiles/cmTryCompileExec1483439210.dir/build.make CMakeFiles/cmTryCompileExec1483439210.dir/build
gmake[1]: Entering directory `/home/mafiamole/projects/C++/MoleBox/build/Linux/CMakeFiles/CMakeTmp'
/usr/bin/cmake -E cmake_progress_report /home/mafiamole/projects/C++/MoleBox/build/Linux/CMakeFiles/CMakeTmp/CMakeFiles 1
Building CXX object CMakeFiles/cmTryCompileExec1483439210.dir/CMakeCXXCompilerABI.cpp.o
/usr/bin/c++     -o CMakeFiles/cmTryCompileExec1483439210.dir/CMakeCXXCompilerABI.cpp.o -c /usr/share/cmake/Modules/CMakeCXXCompilerABI.cpp
Linking CXX executable cmTryCompileExec1483439210
/usr/bin/cmake -E cmake_link_script CMakeFiles/cmTryCompileExec1483439210.dir/link.txt --verbose=1
/usr/bin/c++        -v CMakeFiles/cmTryCompileExec1483439210.dir/CMakeCXXCompilerABI.cpp.o  -o cmTryCompileExec1483439210 -rdynamic  
Using built-in specs.
COLLECT_GCC=/usr/bin/c++
COLLECT_LTO_WRAPPER=/usr/libexec/gcc/x86_64-redhat-linux/4.6.3/lto-wrapper
Target: x86_64-redhat-linux
Configured with: ../configure --prefix=/usr --mandir=/usr/share/man --infodir=/usr/share/info --with-bugurl=http://bugzilla.redhat.com/bugzilla --enable-bootstrap --enable-shared --enable-threads=posix --enable-checking=release --with-system-zlib --enable-__cxa_atexit --disable-libunwind-exceptions --enable-gnu-unique-object --enable-linker-build-id --enable-languages=c,c++,objc,obj-c++,java,fortran,ada,go,lto --enable-plugin --enable-java-awt=gtk --disable-dssi --with-java-home=/usr/lib/jvm/java-1.5.0-gcj-1.5.0.0/jre --enable-libgcj-multifile --enable-java-maintainer-mode --with-ecj-jar=/usr/share/java/eclipse-ecj.jar --disable-libjava-multilib --with-ppl --with-cloog --with-tune=generic --with-arch_32=i686 --build=x86_64-redhat-linux
Thread model: posix
gcc version 4.6.3 20120306 (Red Hat 4.6.3-2) (GCC) 
COMPILER_PATH=/usr/libexec/gcc/x86_64-redhat-linux/4.6.3/:/usr/libexec/gcc/x86_64-redhat-linux/4.6.3/:/usr/libexec/gcc/x86_64-redhat-linux/:/usr/lib/gcc/x86_64-redhat-linux/4.6.3/:/usr/lib/gcc/x86_64-redhat-linux/
LIBRARY_PATH=/usr/lib/gcc/x86_64-redhat-linux/4.6.3/:/usr/lib/gcc/x86_64-redhat-linux/4.6.3/../../../../lib64/:/lib/../lib64/:/usr/lib/../lib64/:/usr/lib/gcc/x86_64-redhat-linux/4.6.3/../../../:/lib/:/usr/lib/
COLLECT_GCC_OPTIONS='-v' '-o' 'cmTryCompileExec1483439210' '-rdynamic' '-shared-libgcc' '-mtune=generic' '-march=x86-64'
 /usr/libexec/gcc/x86_64-redhat-linux/4.6.3/collect2 --build-id --no-add-needed --eh-frame-hdr -m elf_x86_64 --hash-style=gnu -export-dynamic -dynamic-linker /lib64/ld-linux-x86-64.so.2 -o cmTryCompileExec1483439210 /usr/lib/gcc/x86_64-redhat-linux/4.6.3/../../../../lib64/crt1.o /usr/lib/gcc/x86_64-redhat-linux/4.6.3/../../../../lib64/crti.o /usr/lib/gcc/x86_64-redhat-linux/4.6.3/crtbegin.o -L/usr/lib/gcc/x86_64-redhat-linux/4.6.3 -L/usr/lib/gcc/x86_64-redhat-linux/4.6.3/../../../../lib64 -L/lib/../lib64 -L/usr/lib/../lib64 -L/usr/lib/gcc/x86_64-redhat-linux/4.6.3/../../.. CMakeFiles/cmTryCompileExec1483439210.dir/CMakeCXXCompilerABI.cpp.o -lstdc++ -lm -lgcc_s -lgcc -lc -lgcc_s -lgcc /usr/lib/gcc/x86_64-redhat-linux/4.6.3/crtend.o /usr/lib/gcc/x86_64-redhat-linux/4.6.3/../../../../lib64/crtn.o
gmake[1]: Leaving directory `/home/mafiamole/projects/C++/MoleBox/build/Linux/CMakeFiles/CMakeTmp'


Parsed CXX implicit link information from above output:
  link line regex: [^( *|.*[/\])(ld|ld|collect2)[^/\]*( |$)]
  ignore line: [Change Dir: /home/mafiamole/projects/C++/MoleBox/build/Linux/CMakeFiles/CMakeTmp]
  ignore line: []
  ignore line: [Run Build Command:/usr/bin/gmake "cmTryCompileExec1483439210/fast"]
  ignore line: [/usr/bin/gmake -f CMakeFiles/cmTryCompileExec1483439210.dir/build.make CMakeFiles/cmTryCompileExec1483439210.dir/build]
  ignore line: [gmake[1]: Entering directory `/home/mafiamole/projects/C++/MoleBox/build/Linux/CMakeFiles/CMakeTmp']
  ignore line: [/usr/bin/cmake -E cmake_progress_report /home/mafiamole/projects/C++/MoleBox/build/Linux/CMakeFiles/CMakeTmp/CMakeFiles 1]
  ignore line: [Building CXX object CMakeFiles/cmTryCompileExec1483439210.dir/CMakeCXXCompilerABI.cpp.o]
  ignore line: [/usr/bin/c++     -o CMakeFiles/cmTryCompileExec1483439210.dir/CMakeCXXCompilerABI.cpp.o -c /usr/share/cmake/Modules/CMakeCXXCompilerABI.cpp]
  ignore line: [Linking CXX executable cmTryCompileExec1483439210]
  ignore line: [/usr/bin/cmake -E cmake_link_script CMakeFiles/cmTryCompileExec1483439210.dir/link.txt --verbose=1]
  ignore line: [/usr/bin/c++        -v CMakeFiles/cmTryCompileExec1483439210.dir/CMakeCXXCompilerABI.cpp.o  -o cmTryCompileExec1483439210 -rdynamic  ]
  ignore line: [Using built-in specs.]
  ignore line: [COLLECT_GCC=/usr/bin/c++]
  ignore line: [COLLECT_LTO_WRAPPER=/usr/libexec/gcc/x86_64-redhat-linux/4.6.3/lto-wrapper]
  ignore line: [Target: x86_64-redhat-linux]
  ignore line: [Configured with: ../configure --prefix=/usr --mandir=/usr/share/man --infodir=/usr/share/info --with-bugurl=http://bugzilla.redhat.com/bugzilla --enable-bootstrap --enable-shared --enable-threads=posix --enable-checking=release --with-system-zlib --enable-__cxa_atexit --disable-libunwind-exceptions --enable-gnu-unique-object --enable-linker-build-id --enable-languages=c,c++,objc,obj-c++,java,fortran,ada,go,lto --enable-plugin --enable-java-awt=gtk --disable-dssi --with-java-home=/usr/lib/jvm/java-1.5.0-gcj-1.5.0.0/jre --enable-libgcj-multifile --enable-java-maintainer-mode --with-ecj-jar=/usr/share/java/eclipse-ecj.jar --disable-libjava-multilib --with-ppl --with-cloog --with-tune=generic --with-arch_32=i686 --build=x86_64-redhat-linux]
  ignore line: [Thread model: posix]
  ignore line: [gcc version 4.6.3 20120306 (Red Hat 4.6.3-2) (GCC) ]
  ignore line: [COMPILER_PATH=/usr/libexec/gcc/x86_64-redhat-linux/4.6.3/:/usr/libexec/gcc/x86_64-redhat-linux/4.6.3/:/usr/libexec/gcc/x86_64-redhat-linux/:/usr/lib/gcc/x86_64-redhat-linux/4.6.3/:/usr/lib/gcc/x86_64-redhat-linux/]
  ignore line: [LIBRARY_PATH=/usr/lib/gcc/x86_64-redhat-linux/4.6.3/:/usr/lib/gcc/x86_64-redhat-linux/4.6.3/../../../../lib64/:/lib/../lib64/:/usr/lib/../lib64/:/usr/lib/gcc/x86_64-redhat-linux/4.6.3/../../../:/lib/:/usr/lib/]
  ignore line: [COLLECT_GCC_OPTIONS='-v' '-o' 'cmTryCompileExec1483439210' '-rdynamic' '-shared-libgcc' '-mtune=generic' '-march=x86-64']
  link line: [ /usr/libexec/gcc/x86_64-redhat-linux/4.6.3/collect2 --build-id --no-add-needed --eh-frame-hdr -m elf_x86_64 --hash-style=gnu -export-dynamic -dynamic-linker /lib64/ld-linux-x86-64.so.2 -o cmTryCompileExec1483439210 /usr/lib/gcc/x86_64-redhat-linux/4.6.3/../../../../lib64/crt1.o /usr/lib/gcc/x86_64-redhat-linux/4.6.3/../../../../lib64/crti.o /usr/lib/gcc/x86_64-redhat-linux/4.6.3/crtbegin.o -L/usr/lib/gcc/x86_64-redhat-linux/4.6.3 -L/usr/lib/gcc/x86_64-redhat-linux/4.6.3/../../../../lib64 -L/lib/../lib64 -L/usr/lib/../lib64 -L/usr/lib/gcc/x86_64-redhat-linux/4.6.3/../../.. CMakeFiles/cmTryCompileExec1483439210.dir/CMakeCXXCompilerABI.cpp.o -lstdc++ -lm -lgcc_s -lgcc -lc -lgcc_s -lgcc /usr/lib/gcc/x86_64-redhat-linux/4.6.3/crtend.o /usr/lib/gcc/x86_64-redhat-linux/4.6.3/../../../../lib64/crtn.o]
    arg [/usr/libexec/gcc/x86_64-redhat-linux/4.6.3/collect2] ==> ignore
    arg [--build-id] ==> ignore
    arg [--no-add-needed] ==> ignore
    arg [--eh-frame-hdr] ==> ignore
    arg [-m] ==> ignore
    arg [elf_x86_64] ==> ignore
    arg [--hash-style=gnu] ==> ignore
    arg [-export-dynamic] ==> ignore
    arg [-dynamic-linker] ==> ignore
    arg [/lib64/ld-linux-x86-64.so.2] ==> ignore
    arg [-o] ==> ignore
    arg [cmTryCompileExec1483439210] ==> ignore
    arg [/usr/lib/gcc/x86_64-redhat-linux/4.6.3/../../../../lib64/crt1.o] ==> ignore
    arg [/usr/lib/gcc/x86_64-redhat-linux/4.6.3/../../../../lib64/crti.o] ==> ignore
    arg [/usr/lib/gcc/x86_64-redhat-linux/4.6.3/crtbegin.o] ==> ignore
    arg [-L/usr/lib/gcc/x86_64-redhat-linux/4.6.3] ==> dir [/usr/lib/gcc/x86_64-redhat-linux/4.6.3]
    arg [-L/usr/lib/gcc/x86_64-redhat-linux/4.6.3/../../../../lib64] ==> dir [/usr/lib/gcc/x86_64-redhat-linux/4.6.3/../../../../lib64]
    arg [-L/lib/../lib64] ==> dir [/lib/../lib64]
    arg [-L/usr/lib/../lib64] ==> dir [/usr/lib/../lib64]
    arg [-L/usr/lib/gcc/x86_64-redhat-linux/4.6.3/../../..] ==> dir [/usr/lib/gcc/x86_64-redhat-linux/4.6.3/../../..]
    arg [CMakeFiles/cmTryCompileExec1483439210.dir/CMakeCXXCompilerABI.cpp.o] ==> ignore
    arg [-lstdc++] ==> lib [stdc++]
    arg [-lm] ==> lib [m]
    arg [-lgcc_s] ==> lib [gcc_s]
    arg [-lgcc] ==> lib [gcc]
    arg [-lc] ==> lib [c]
    arg [-lgcc_s] ==> lib [gcc_s]
    arg [-lgcc] ==> lib [gcc]
    arg [/usr/lib/gcc/x86_64-redhat-linux/4.6.3/crtend.o] ==> ignore
    arg [/usr/lib/gcc/x86_64-redhat-linux/4.6.3/../../../../lib64/crtn.o] ==> ignore
  remove lib [gcc_s]
  remove lib [gcc]
  remove lib [gcc_s]
  remove lib [gcc]
  collapse dir [/usr/lib/gcc/x86_64-redhat-linux/4.6.3] ==> [/usr/lib/gcc/x86_64-redhat-linux/4.6.3]
  collapse dir [/usr/lib/gcc/x86_64-redhat-linux/4.6.3/../../../../lib64] ==> [/usr/lib64]
  collapse dir [/lib/../lib64] ==> [/lib64]
  collapse dir [/usr/lib/../lib64] ==> [/usr/lib64]
  collapse dir [/usr/lib/gcc/x86_64-redhat-linux/4.6.3/../../..] ==> [/usr/lib]
  implicit libs: [stdc++;m;c]
  implicit dirs: [/usr/lib/gcc/x86_64-redhat-linux/4.6.3;/usr/lib64;/lib64;/usr/lib]


Determining if the function XOpenDisplay exists in the /usr/lib64/libX11.so;/usr/lib64/libXext.so passed with the following output:
Change Dir: /home/mafiamole/projects/C++/MoleBox/build/Linux/CMakeFiles/CMakeTmp

Run Build Command:/usr/bin/gmake "cmTryCompileExec156904811/fast"
/usr/bin/gmake -f CMakeFiles/cmTryCompileExec156904811.dir/build.make CMakeFiles/cmTryCompileExec156904811.dir/build
gmake[1]: Entering directory `/home/mafiamole/projects/C++/MoleBox/build/Linux/CMakeFiles/CMakeTmp'
/usr/bin/cmake -E cmake_progress_report /home/mafiamole/projects/C++/MoleBox/build/Linux/CMakeFiles/CMakeTmp/CMakeFiles 1
Building C object CMakeFiles/cmTryCompileExec156904811.dir/CheckFunctionExists.c.o
/usr/bin/gcc   -DCHECK_FUNCTION_EXISTS=XOpenDisplay   -o CMakeFiles/cmTryCompileExec156904811.dir/CheckFunctionExists.c.o   -c /usr/share/cmake/Modules/CheckFunctionExists.c
Linking C executable cmTryCompileExec156904811
/usr/bin/cmake -E cmake_link_script CMakeFiles/cmTryCompileExec156904811.dir/link.txt --verbose=1
/usr/bin/gcc     -DCHECK_FUNCTION_EXISTS=XOpenDisplay    CMakeFiles/cmTryCompileExec156904811.dir/CheckFunctionExists.c.o  -o cmTryCompileExec156904811 -rdynamic -lX11 -lXext 
gmake[1]: Leaving directory `/home/mafiamole/projects/C++/MoleBox/build/Linux/CMakeFiles/CMakeTmp'


Determining if the function gethostbyname exists passed with the following output:
Change Dir: /home/mafiamole/projects/C++/MoleBox/build/Linux/CMakeFiles/CMakeTmp

Run Build Command:/usr/bin/gmake "cmTryCompileExec2811003977/fast"
/usr/bin/gmake -f CMakeFiles/cmTryCompileExec2811003977.dir/build.make CMakeFiles/cmTryCompileExec2811003977.dir/build
gmake[1]: Entering directory `/home/mafiamole/projects/C++/MoleBox/build/Linux/CMakeFiles/CMakeTmp'
/usr/bin/cmake -E cmake_progress_report /home/mafiamole/projects/C++/MoleBox/build/Linux/CMakeFiles/CMakeTmp/CMakeFiles 1
Building C object CMakeFiles/cmTryCompileExec2811003977.dir/CheckFunctionExists.c.o
/usr/bin/gcc   -DCHECK_FUNCTION_EXISTS=gethostbyname   -o CMakeFiles/cmTryCompileExec2811003977.dir/CheckFunctionExists.c.o   -c /usr/share/cmake/Modules/CheckFunctionExists.c
Linking C executable cmTryCompileExec2811003977
/usr/bin/cmake -E cmake_link_script CMakeFiles/cmTryCompileExec2811003977.dir/link.txt --verbose=1
/usr/bin/gcc     -DCHECK_FUNCTION_EXISTS=gethostbyname    CMakeFiles/cmTryCompileExec2811003977.dir/CheckFunctionExists.c.o  -o cmTryCompileExec2811003977 -rdynamic 
gmake[1]: Leaving directory `/home/mafiamole/projects/C++/MoleBox/build/Linux/CMakeFiles/CMakeTmp'


Determining if the function connect exists passed with the following output:
Change Dir: /home/mafiamole/projects/C++/MoleBox/build/Linux/CMakeFiles/CMakeTmp

Run Build Command:/usr/bin/gmake "cmTryCompileExec3435831167/fast"
/usr/bin/gmake -f CMakeFiles/cmTryCompileExec3435831167.dir/build.make CMakeFiles/cmTryCompileExec3435831167.dir/build
gmake[1]: Entering directory `/home/mafiamole/projects/C++/MoleBox/build/Linux/CMakeFiles/CMakeTmp'
/usr/bin/cmake -E cmake_progress_report /home/mafiamole/projects/C++/MoleBox/build/Linux/CMakeFiles/CMakeTmp/CMakeFiles 1
Building C object CMakeFiles/cmTryCompileExec3435831167.dir/CheckFunctionExists.c.o
/usr/bin/gcc   -DCHECK_FUNCTION_EXISTS=connect   -o CMakeFiles/cmTryCompileExec3435831167.dir/CheckFunctionExists.c.o   -c /usr/share/cmake/Modules/CheckFunctionExists.c
Linking C executable cmTryCompileExec3435831167
/usr/bin/cmake -E cmake_link_script CMakeFiles/cmTryCompileExec3435831167.dir/link.txt --verbose=1
/usr/bin/gcc     -DCHECK_FUNCTION_EXISTS=connect    CMakeFiles/cmTryCompileExec3435831167.dir/CheckFunctionExists.c.o  -o cmTryCompileExec3435831167 -rdynamic 
gmake[1]: Leaving directory `/home/mafiamole/projects/C++/MoleBox/build/Linux/CMakeFiles/CMakeTmp'


Determining if the function remove exists passed with the following output:
Change Dir: /home/mafiamole/projects/C++/MoleBox/build/Linux/CMakeFiles/CMakeTmp

Run Build Command:/usr/bin/gmake "cmTryCompileExec2182319312/fast"
/usr/bin/gmake -f CMakeFiles/cmTryCompileExec2182319312.dir/build.make CMakeFiles/cmTryCompileExec2182319312.dir/build
gmake[1]: Entering directory `/home/mafiamole/projects/C++/MoleBox/build/Linux/CMakeFiles/CMakeTmp'
/usr/bin/cmake -E cmake_progress_report /home/mafiamole/projects/C++/MoleBox/build/Linux/CMakeFiles/CMakeTmp/CMakeFiles 1
Building C object CMakeFiles/cmTryCompileExec2182319312.dir/CheckFunctionExists.c.o
/usr/bin/gcc   -DCHECK_FUNCTION_EXISTS=remove   -o CMakeFiles/cmTryCompileExec2182319312.dir/CheckFunctionExists.c.o   -c /usr/share/cmake/Modules/CheckFunctionExists.c
Linking C executable cmTryCompileExec2182319312
/usr/bin/cmake -E cmake_link_script CMakeFiles/cmTryCompileExec2182319312.dir/link.txt --verbose=1
/usr/bin/gcc     -DCHECK_FUNCTION_EXISTS=remove    CMakeFiles/cmTryCompileExec2182319312.dir/CheckFunctionExists.c.o  -o cmTryCompileExec2182319312 -rdynamic 
gmake[1]: Leaving directory `/home/mafiamole/projects/C++/MoleBox/build/Linux/CMakeFiles/CMakeTmp'


Determining if the function shmat exists passed with the following output:
Change Dir: /home/mafiamole/projects/C++/MoleBox/build/Linux/CMakeFiles/CMakeTmp

Run Build Command:/usr/bin/gmake "cmTryCompileExec1082857434/fast"
/usr/bin/gmake -f CMakeFiles/cmTryCompileExec1082857434.dir/build.make CMakeFiles/cmTryCompileExec1082857434.dir/build
gmake[1]: Entering directory `/home/mafiamole/projects/C++/MoleBox/build/Linux/CMakeFiles/CMakeTmp'
/usr/bin/cmake -E cmake_progress_report /home/mafiamole/projects/C++/MoleBox/build/Linux/CMakeFiles/CMakeTmp/CMakeFiles 1
Building C object CMakeFiles/cmTryCompileExec1082857434.dir/CheckFunctionExists.c.o
/usr/bin/gcc   -DCHECK_FUNCTION_EXISTS=shmat   -o CMakeFiles/cmTryCompileExec1082857434.dir/CheckFunctionExists.c.o   -c /usr/share/cmake/Modules/CheckFunctionExists.c
Linking C executable cmTryCompileExec1082857434
/usr/bin/cmake -E cmake_link_script CMakeFiles/cmTryCompileExec1082857434.dir/link.txt --verbose=1
/usr/bin/gcc     -DCHECK_FUNCTION_EXISTS=shmat    CMakeFiles/cmTryCompileExec1082857434.dir/CheckFunctionExists.c.o  -o cmTryCompileExec1082857434 -rdynamic 
gmake[1]: Leaving directory `/home/mafiamole/projects/C++/MoleBox/build/Linux/CMakeFiles/CMakeTmp'


Determining if the function IceConnectionNumber exists in the ICE passed with the following output:
Change Dir: /home/mafiamole/projects/C++/MoleBox/build/Linux/CMakeFiles/CMakeTmp

Run Build Command:/usr/bin/gmake "cmTryCompileExec871319725/fast"
/usr/bin/gmake -f CMakeFiles/cmTryCompileExec871319725.dir/build.make CMakeFiles/cmTryCompileExec871319725.dir/build
gmake[1]: Entering directory `/home/mafiamole/projects/C++/MoleBox/build/Linux/CMakeFiles/CMakeTmp'
/usr/bin/cmake -E cmake_progress_report /home/mafiamole/projects/C++/MoleBox/build/Linux/CMakeFiles/CMakeTmp/CMakeFiles 1
Building C object CMakeFiles/cmTryCompileExec871319725.dir/CheckFunctionExists.c.o
/usr/bin/gcc   -DCHECK_FUNCTION_EXISTS=IceConnectionNumber   -o CMakeFiles/cmTryCompileExec871319725.dir/CheckFunctionExists.c.o   -c /usr/share/cmake/Modules/CheckFunctionExists.c
Linking C executable cmTryCompileExec871319725
/usr/bin/cmake -E cmake_link_script CMakeFiles/cmTryCompileExec871319725.dir/link.txt --verbose=1
/usr/bin/gcc     -DCHECK_FUNCTION_EXISTS=IceConnectionNumber    CMakeFiles/cmTryCompileExec871319725.dir/CheckFunctionExists.c.o  -o cmTryCompileExec871319725 -rdynamic -lICE 
gmake[1]: Leaving directory `/home/mafiamole/projects/C++/MoleBox/build/Linux/CMakeFiles/CMakeTmp'


Determining if the Q_WS_X11 exist passed with the following output:
Change Dir: /home/mafiamole/projects/C++/MoleBox/build/Linux/CMakeFiles/CMakeTmp

Run Build Command:/usr/bin/gmake "cmTryCompileExec776673430/fast"
/usr/bin/gmake -f CMakeFiles/cmTryCompileExec776673430.dir/build.make CMakeFiles/cmTryCompileExec776673430.dir/build
gmake[1]: Entering directory `/home/mafiamole/projects/C++/MoleBox/build/Linux/CMakeFiles/CMakeTmp'
/usr/bin/cmake -E cmake_progress_report /home/mafiamole/projects/C++/MoleBox/build/Linux/CMakeFiles/CMakeTmp/CMakeFiles 1
Building CXX object CMakeFiles/cmTryCompileExec776673430.dir/CheckSymbolExists.cxx.o
/usr/bin/c++     -o CMakeFiles/cmTryCompileExec776673430.dir/CheckSymbolExists.cxx.o -c /home/mafiamole/projects/C++/MoleBox/build/Linux/CMakeFiles/CMakeTmp/CheckSymbolExists.cxx
Linking CXX executable cmTryCompileExec776673430
/usr/bin/cmake -E cmake_link_script CMakeFiles/cmTryCompileExec776673430.dir/link.txt --verbose=1
/usr/bin/c++          CMakeFiles/cmTryCompileExec776673430.dir/CheckSymbolExists.cxx.o  -o cmTryCompileExec776673430 -rdynamic 
gmake[1]: Leaving directory `/home/mafiamole/projects/C++/MoleBox/build/Linux/CMakeFiles/CMakeTmp'

File /home/mafiamole/projects/C++/MoleBox/build/Linux/CMakeFiles/CMakeTmp/CheckSymbolExists.cxx:
/* */
#include <QtCore/qglobal.h>

int main(int argc, char** argv)
{
  (void)argv;
#ifndef Q_WS_X11
  return ((int*)(&Q_WS_X11))[argc];
#else
  (void)argc;
  return 0;
#endif
}

